<?xml version="1.0" encoding="UTF-8"?>
<testsuite name="com.bridgelabz.PrakingLotTest" tests="1" skipped="0" failures="0" errors="0" timestamp="2019-12-30T07:10:16" hostname="abc-Lenovo-V130-15IKB" time="0.011">
  <properties/>
  <testcase name="givenParkingSystem_Distibution" classname="com.bridgelabz.PrakingLotTest" time="0.011"/>
  <system-out><![CDATA[1
Parking att:-1
2
Parking att:-2
3
Parking att:-3
4
Parking att:-4
]]></system-out>
  <system-err><![CDATA[]]></system-err>
</testsuite>
