<?xml version="1.0" encoding="UTF-8"?>
<testsuite name="com.bridgelabz.PrakingLotTest" tests="1" skipped="0" failures="0" errors="0" timestamp="2019-12-30T05:20:37" hostname="abc-Lenovo-V130-15IKB" time="0.015">
  <properties/>
  <testcase name="givenParkingLot_ChargingVehicle" classname="com.bridgelabz.PrakingLotTest" time="0.015"/>
  <system-out><![CDATA[1
com.bridgelabz.Slots@2f9c2d6a
true
2
]]></system-out>
  <system-err><![CDATA[]]></system-err>
</testsuite>
