<?xml version="1.0" encoding="UTF-8"?>
<testsuite name="com.bridgelabz.PrakingLotTest" tests="5" skipped="0" failures="0" errors="0" timestamp="2019-12-28T05:39:40" hostname="abc-Lenovo-V130-15IKB" time="0.003">
  <properties/>
  <testcase name="givenParkingLot_IsFull_ShouldReturnTrue" classname="com.bridgelabz.PrakingLotTest" time="0.001"/>
  <testcase name="givenGreetingMessage_ShouldReturn_WelcomeMessage" classname="com.bridgelabz.PrakingLotTest" time="0.0"/>
  <testcase name="givenVehicle_parking_ShouldReturnTrue" classname="com.bridgelabz.PrakingLotTest" time="0.0"/>
  <testcase name="givenVehicle_unparking_ShouldReturnTrue" classname="com.bridgelabz.PrakingLotTest" time="0.0"/>
  <testcase name="givenParkingLot_IsFullShouldReturnTrue_airportSecurity" classname="com.bridgelabz.PrakingLotTest" time="0.001"/>
  <system-out><![CDATA[]]></system-out>
  <system-err><![CDATA[]]></system-err>
</testsuite>
