<?xml version="1.0" encoding="UTF-8"?>
<testsuite name="com.bridgelabz.PrakingLotTest" tests="1" skipped="0" failures="0" errors="0" timestamp="2019-12-28T04:57:22" hostname="abc-Lenovo-V130-15IKB" time="0.002">
  <properties/>
  <testcase name="givenParkingLot_isNotFull_ShouldReturnTrue_airportSecurity" classname="com.bridgelabz.PrakingLotTest" time="0.002"/>
  <system-out><![CDATA[]]></system-out>
  <system-err><![CDATA[]]></system-err>
</testsuite>
