<?xml version="1.0" encoding="UTF-8"?>
<testsuite name="com.bridgelabz.PrakingLotTest" tests="1" skipped="0" failures="0" errors="0" timestamp="2019-12-27T13:35:17" hostname="abc-Lenovo-V130-15IKB" time="0.001">
  <properties/>
  <testcase name="givenParkingLot_IsFullShouldReturnTrue_airportSecurity" classname="com.bridgelabz.PrakingLotTest" time="0.001"/>
  <system-out><![CDATA[]]></system-out>
  <system-err><![CDATA[]]></system-err>
</testsuite>
