<?xml version="1.0" encoding="UTF-8"?>
<testsuite name="com.bridgelabz.ParkingLotTest" tests="1" skipped="0" failures="0" errors="0" timestamp="2019-12-31T10:09:27" hostname="abc-Lenovo-V130-15IKB" time="0.017">
  <properties/>
  <testcase name="givenParkingLot_FindingSpace_ForHandCap" classname="com.bridgelabz.ParkingLotTest" time="0.017"/>
  <system-out><![CDATA[1
Parking att:-1
com.bridgelabz.Vehicle@35892bf3
com.bridgelabz.Vehicle@35892bf3
2
Parking att:-2
com.bridgelabz.Vehicle@35892bf3
com.bridgelabz.Vehicle@35892bf3
com.bridgelabz.Vehicle@35892bf3
]]></system-out>
  <system-err><![CDATA[]]></system-err>
</testsuite>
