<?xml version="1.0" encoding="UTF-8"?>
<testsuite name="com.bridgelabz.PrakingLotTest" tests="1" skipped="0" failures="0" errors="0" timestamp="2019-12-27T10:14:24" hostname="abc-Lenovo-V130-15IKB" time="0.0">
  <properties/>
  <testcase name="givenVehicle_unparking_ShouldReturnTrue" classname="com.bridgelabz.PrakingLotTest" time="0.0"/>
  <system-out><![CDATA[]]></system-out>
  <system-err><![CDATA[]]></system-err>
</testsuite>
